Determining if the pthread_create exist failed with the following output:
Change Dir: /home/yao/ws_moveit/build/my_panda_moveit/CMakeFiles/CMakeTmp

Run Build Command:"/usr/bin/make" "cmTC_ecdf4/fast"
/usr/bin/make -f CMakeFiles/cmTC_ecdf4.dir/build.make CMakeFiles/cmTC_ecdf4.dir/build
make[1]: Entering directory '/home/yao/ws_moveit/build/my_panda_moveit/CMakeFiles/CMakeTmp'
Building C object CMakeFiles/cmTC_ecdf4.dir/CheckSymbolExists.c.o
/usr/bin/cc     -o CMakeFiles/cmTC_ecdf4.dir/CheckSymbolExists.c.o   -c /home/yao/ws_moveit/build/my_panda_moveit/CMakeFiles/CMakeTmp/CheckSymbolExists.c
Linking C executable cmTC_ecdf4
/usr/bin/cmake -E cmake_link_script CMakeFiles/cmTC_ecdf4.dir/link.txt --verbose=1
/usr/bin/cc       CMakeFiles/cmTC_ecdf4.dir/CheckSymbolExists.c.o  -o cmTC_ecdf4 -rdynamic 
CMakeFiles/cmTC_ecdf4.dir/CheckSymbolExists.c.o: In function `main':
CheckSymbolExists.c:(.text+0x16): undefined reference to `pthread_create'
collect2: error: ld returned 1 exit status
CMakeFiles/cmTC_ecdf4.dir/build.make:97: recipe for target 'cmTC_ecdf4' failed
make[1]: *** [cmTC_ecdf4] Error 1
make[1]: Leaving directory '/home/yao/ws_moveit/build/my_panda_moveit/CMakeFiles/CMakeTmp'
Makefile:126: recipe for target 'cmTC_ecdf4/fast' failed
make: *** [cmTC_ecdf4/fast] Error 2

File /home/yao/ws_moveit/build/my_panda_moveit/CMakeFiles/CMakeTmp/CheckSymbolExists.c:
/* */
#include <pthread.h>

int main(int argc, char** argv)
{
  (void)argv;
#ifndef pthread_create
  return ((int*)(&pthread_create))[argc];
#else
  (void)argc;
  return 0;
#endif
}

Determining if the function pthread_create exists in the pthreads failed with the following output:
Change Dir: /home/yao/ws_moveit/build/my_panda_moveit/CMakeFiles/CMakeTmp

Run Build Command:"/usr/bin/make" "cmTC_ead0a/fast"
/usr/bin/make -f CMakeFiles/cmTC_ead0a.dir/build.make CMakeFiles/cmTC_ead0a.dir/build
make[1]: Entering directory '/home/yao/ws_moveit/build/my_panda_moveit/CMakeFiles/CMakeTmp'
Building C object CMakeFiles/cmTC_ead0a.dir/CheckFunctionExists.c.o
/usr/bin/cc    -DCHECK_FUNCTION_EXISTS=pthread_create   -o CMakeFiles/cmTC_ead0a.dir/CheckFunctionExists.c.o   -c /usr/share/cmake-3.5/Modules/CheckFunctionExists.c
Linking C executable cmTC_ead0a
/usr/bin/cmake -E cmake_link_script CMakeFiles/cmTC_ead0a.dir/link.txt --verbose=1
/usr/bin/cc   -DCHECK_FUNCTION_EXISTS=pthread_create    CMakeFiles/cmTC_ead0a.dir/CheckFunctionExists.c.o  -o cmTC_ead0a -rdynamic -lpthreads 
/usr/bin/ld: cannot find -lpthreads
collect2: error: ld returned 1 exit status
CMakeFiles/cmTC_ead0a.dir/build.make:97: recipe for target 'cmTC_ead0a' failed
make[1]: *** [cmTC_ead0a] Error 1
make[1]: Leaving directory '/home/yao/ws_moveit/build/my_panda_moveit/CMakeFiles/CMakeTmp'
Makefile:126: recipe for target 'cmTC_ead0a/fast' failed
make: *** [cmTC_ead0a/fast] Error 2


