Determining if the pthread_create exist failed with the following output:
Change Dir: /home/yao/ws_moveit/build/iiwa_description/CMakeFiles/CMakeTmp

Run Build Command:"/usr/bin/make" "cmTC_12fdf/fast"
/usr/bin/make -f CMakeFiles/cmTC_12fdf.dir/build.make CMakeFiles/cmTC_12fdf.dir/build
make[1]: Entering directory '/home/yao/ws_moveit/build/iiwa_description/CMakeFiles/CMakeTmp'
Building C object CMakeFiles/cmTC_12fdf.dir/CheckSymbolExists.c.o
/usr/bin/cc     -o CMakeFiles/cmTC_12fdf.dir/CheckSymbolExists.c.o   -c /home/yao/ws_moveit/build/iiwa_description/CMakeFiles/CMakeTmp/CheckSymbolExists.c
Linking C executable cmTC_12fdf
/usr/bin/cmake -E cmake_link_script CMakeFiles/cmTC_12fdf.dir/link.txt --verbose=1
/usr/bin/cc       CMakeFiles/cmTC_12fdf.dir/CheckSymbolExists.c.o  -o cmTC_12fdf -rdynamic 
CMakeFiles/cmTC_12fdf.dir/CheckSymbolExists.c.o: In function `main':
CheckSymbolExists.c:(.text+0x16): undefined reference to `pthread_create'
collect2: error: ld returned 1 exit status
CMakeFiles/cmTC_12fdf.dir/build.make:97: recipe for target 'cmTC_12fdf' failed
make[1]: *** [cmTC_12fdf] Error 1
make[1]: Leaving directory '/home/yao/ws_moveit/build/iiwa_description/CMakeFiles/CMakeTmp'
Makefile:126: recipe for target 'cmTC_12fdf/fast' failed
make: *** [cmTC_12fdf/fast] Error 2

File /home/yao/ws_moveit/build/iiwa_description/CMakeFiles/CMakeTmp/CheckSymbolExists.c:
/* */
#include <pthread.h>

int main(int argc, char** argv)
{
  (void)argv;
#ifndef pthread_create
  return ((int*)(&pthread_create))[argc];
#else
  (void)argc;
  return 0;
#endif
}

Determining if the function pthread_create exists in the pthreads failed with the following output:
Change Dir: /home/yao/ws_moveit/build/iiwa_description/CMakeFiles/CMakeTmp

Run Build Command:"/usr/bin/make" "cmTC_c1f08/fast"
/usr/bin/make -f CMakeFiles/cmTC_c1f08.dir/build.make CMakeFiles/cmTC_c1f08.dir/build
make[1]: Entering directory '/home/yao/ws_moveit/build/iiwa_description/CMakeFiles/CMakeTmp'
Building C object CMakeFiles/cmTC_c1f08.dir/CheckFunctionExists.c.o
/usr/bin/cc    -DCHECK_FUNCTION_EXISTS=pthread_create   -o CMakeFiles/cmTC_c1f08.dir/CheckFunctionExists.c.o   -c /usr/share/cmake-3.5/Modules/CheckFunctionExists.c
Linking C executable cmTC_c1f08
/usr/bin/cmake -E cmake_link_script CMakeFiles/cmTC_c1f08.dir/link.txt --verbose=1
/usr/bin/cc   -DCHECK_FUNCTION_EXISTS=pthread_create    CMakeFiles/cmTC_c1f08.dir/CheckFunctionExists.c.o  -o cmTC_c1f08 -rdynamic -lpthreads 
/usr/bin/ld: cannot find -lpthreads
collect2: error: ld returned 1 exit status
CMakeFiles/cmTC_c1f08.dir/build.make:97: recipe for target 'cmTC_c1f08' failed
make[1]: *** [cmTC_c1f08] Error 1
make[1]: Leaving directory '/home/yao/ws_moveit/build/iiwa_description/CMakeFiles/CMakeTmp'
Makefile:126: recipe for target 'cmTC_c1f08/fast' failed
make: *** [cmTC_c1f08/fast] Error 2


