[ 13%] Built target ros_api_tutorial
[ 13%] Built target robot_model_and_robot_state_tutorial
[ 20%] Built target planning_scene_tutorial
[ 26%] Built target motion_planning_pipeline_tutorial
[ 33%] Built target motion_planning_api_tutorial
[ 40%] Built target planning_scene_ros_api_tutorial
[ 46%] Built target move_group_interface_tutorial
[ 60%] Built target interactivity_utils
[35m[1mScanning dependencies of target show_path[0m
make[2]: *** No rule to make target '/home/yao/ws_moveit/src/moveit_tutorials/doc/move_group_interface/src/show_path.cpp', needed by 'doc/move_group_interface/CMakeFiles/show_path.dir/src/show_path.cpp.o'.  Stop.
CMakeFiles/Makefile2:4566: recipe for target 'doc/move_group_interface/CMakeFiles/show_path.dir/all' failed
make[1]: *** [doc/move_group_interface/CMakeFiles/show_path.dir/all] Error 2
make[1]: *** Waiting for unfinished jobs....
[ 66%] Built target bag_publisher_maintain_time
[ 73%] Built target state_display_tutorial
[ 80%] Built target pick_place_tutorial
[ 86%] Built target cylinder_segment
[ 93%] Built target visualizing_collisions_tutorial
Makefile:138: recipe for target 'all' failed
make: *** [all] Error 2
