Determining if the pthread_create exist failed with the following output:
Change Dir: /home/yao/ws_moveit/build/iiwa7_ikfast_manipulator_plugi/CMakeFiles/CMakeTmp

Run Build Command:"/usr/bin/make" "cmTC_d6b7c/fast"
/usr/bin/make -f CMakeFiles/cmTC_d6b7c.dir/build.make CMakeFiles/cmTC_d6b7c.dir/build
make[1]: Entering directory '/home/yao/ws_moveit/build/iiwa7_ikfast_manipulator_plugi/CMakeFiles/CMakeTmp'
Building C object CMakeFiles/cmTC_d6b7c.dir/CheckSymbolExists.c.o
/usr/bin/cc     -o CMakeFiles/cmTC_d6b7c.dir/CheckSymbolExists.c.o   -c /home/yao/ws_moveit/build/iiwa7_ikfast_manipulator_plugi/CMakeFiles/CMakeTmp/CheckSymbolExists.c
Linking C executable cmTC_d6b7c
/usr/bin/cmake -E cmake_link_script CMakeFiles/cmTC_d6b7c.dir/link.txt --verbose=1
/usr/bin/cc       CMakeFiles/cmTC_d6b7c.dir/CheckSymbolExists.c.o  -o cmTC_d6b7c -rdynamic 
CMakeFiles/cmTC_d6b7c.dir/CheckSymbolExists.c.o: In function `main':
CheckSymbolExists.c:(.text+0x16): undefined reference to `pthread_create'
collect2: error: ld returned 1 exit status
CMakeFiles/cmTC_d6b7c.dir/build.make:97: recipe for target 'cmTC_d6b7c' failed
make[1]: *** [cmTC_d6b7c] Error 1
make[1]: Leaving directory '/home/yao/ws_moveit/build/iiwa7_ikfast_manipulator_plugi/CMakeFiles/CMakeTmp'
Makefile:126: recipe for target 'cmTC_d6b7c/fast' failed
make: *** [cmTC_d6b7c/fast] Error 2

File /home/yao/ws_moveit/build/iiwa7_ikfast_manipulator_plugi/CMakeFiles/CMakeTmp/CheckSymbolExists.c:
/* */
#include <pthread.h>

int main(int argc, char** argv)
{
  (void)argv;
#ifndef pthread_create
  return ((int*)(&pthread_create))[argc];
#else
  (void)argc;
  return 0;
#endif
}

Determining if the function pthread_create exists in the pthreads failed with the following output:
Change Dir: /home/yao/ws_moveit/build/iiwa7_ikfast_manipulator_plugi/CMakeFiles/CMakeTmp

Run Build Command:"/usr/bin/make" "cmTC_93679/fast"
/usr/bin/make -f CMakeFiles/cmTC_93679.dir/build.make CMakeFiles/cmTC_93679.dir/build
make[1]: Entering directory '/home/yao/ws_moveit/build/iiwa7_ikfast_manipulator_plugi/CMakeFiles/CMakeTmp'
Building C object CMakeFiles/cmTC_93679.dir/CheckFunctionExists.c.o
/usr/bin/cc    -DCHECK_FUNCTION_EXISTS=pthread_create   -o CMakeFiles/cmTC_93679.dir/CheckFunctionExists.c.o   -c /usr/share/cmake-3.5/Modules/CheckFunctionExists.c
Linking C executable cmTC_93679
/usr/bin/cmake -E cmake_link_script CMakeFiles/cmTC_93679.dir/link.txt --verbose=1
/usr/bin/cc   -DCHECK_FUNCTION_EXISTS=pthread_create    CMakeFiles/cmTC_93679.dir/CheckFunctionExists.c.o  -o cmTC_93679 -rdynamic -lpthreads 
/usr/bin/ld: cannot find -lpthreads
collect2: error: ld returned 1 exit status
CMakeFiles/cmTC_93679.dir/build.make:97: recipe for target 'cmTC_93679' failed
make[1]: *** [cmTC_93679] Error 1
make[1]: Leaving directory '/home/yao/ws_moveit/build/iiwa7_ikfast_manipulator_plugi/CMakeFiles/CMakeTmp'
Makefile:126: recipe for target 'cmTC_93679/fast' failed
make: *** [cmTC_93679/fast] Error 2


