Determining if the pthread_create exist failed with the following output:
Change Dir: /home/yao/ws_moveit/build/moveit_tutorials/CMakeFiles/CMakeTmp

Run Build Command:"/usr/bin/make" "cmTC_4b0d7/fast"
/usr/bin/make -f CMakeFiles/cmTC_4b0d7.dir/build.make CMakeFiles/cmTC_4b0d7.dir/build
make[1]: Entering directory '/home/yao/ws_moveit/build/moveit_tutorials/CMakeFiles/CMakeTmp'
Building C object CMakeFiles/cmTC_4b0d7.dir/CheckSymbolExists.c.o
/usr/bin/cc     -o CMakeFiles/cmTC_4b0d7.dir/CheckSymbolExists.c.o   -c /home/yao/ws_moveit/build/moveit_tutorials/CMakeFiles/CMakeTmp/CheckSymbolExists.c
Linking C executable cmTC_4b0d7
/usr/bin/cmake -E cmake_link_script CMakeFiles/cmTC_4b0d7.dir/link.txt --verbose=1
/usr/bin/cc       CMakeFiles/cmTC_4b0d7.dir/CheckSymbolExists.c.o  -o cmTC_4b0d7 -rdynamic 
CMakeFiles/cmTC_4b0d7.dir/CheckSymbolExists.c.o: In function `main':
CheckSymbolExists.c:(.text+0x16): undefined reference to `pthread_create'
collect2: error: ld returned 1 exit status
CMakeFiles/cmTC_4b0d7.dir/build.make:97: recipe for target 'cmTC_4b0d7' failed
make[1]: *** [cmTC_4b0d7] Error 1
make[1]: Leaving directory '/home/yao/ws_moveit/build/moveit_tutorials/CMakeFiles/CMakeTmp'
Makefile:126: recipe for target 'cmTC_4b0d7/fast' failed
make: *** [cmTC_4b0d7/fast] Error 2

File /home/yao/ws_moveit/build/moveit_tutorials/CMakeFiles/CMakeTmp/CheckSymbolExists.c:
/* */
#include <pthread.h>

int main(int argc, char** argv)
{
  (void)argv;
#ifndef pthread_create
  return ((int*)(&pthread_create))[argc];
#else
  (void)argc;
  return 0;
#endif
}

Determining if the function pthread_create exists in the pthreads failed with the following output:
Change Dir: /home/yao/ws_moveit/build/moveit_tutorials/CMakeFiles/CMakeTmp

Run Build Command:"/usr/bin/make" "cmTC_7da0f/fast"
/usr/bin/make -f CMakeFiles/cmTC_7da0f.dir/build.make CMakeFiles/cmTC_7da0f.dir/build
make[1]: Entering directory '/home/yao/ws_moveit/build/moveit_tutorials/CMakeFiles/CMakeTmp'
Building C object CMakeFiles/cmTC_7da0f.dir/CheckFunctionExists.c.o
/usr/bin/cc    -DCHECK_FUNCTION_EXISTS=pthread_create   -o CMakeFiles/cmTC_7da0f.dir/CheckFunctionExists.c.o   -c /usr/share/cmake-3.5/Modules/CheckFunctionExists.c
Linking C executable cmTC_7da0f
/usr/bin/cmake -E cmake_link_script CMakeFiles/cmTC_7da0f.dir/link.txt --verbose=1
/usr/bin/cc   -DCHECK_FUNCTION_EXISTS=pthread_create    CMakeFiles/cmTC_7da0f.dir/CheckFunctionExists.c.o  -o cmTC_7da0f -rdynamic -lpthreads 
/usr/bin/ld: cannot find -lpthreads
collect2: error: ld returned 1 exit status
CMakeFiles/cmTC_7da0f.dir/build.make:97: recipe for target 'cmTC_7da0f' failed
make[1]: *** [cmTC_7da0f] Error 1
make[1]: Leaving directory '/home/yao/ws_moveit/build/moveit_tutorials/CMakeFiles/CMakeTmp'
Makefile:126: recipe for target 'cmTC_7da0f/fast' failed
make: *** [cmTC_7da0f/fast] Error 2


