Determining if the pthread_create exist failed with the following output:
Change Dir: /home/yao/ws_moveit/build/iiwa_moveit_config/CMakeFiles/CMakeTmp

Run Build Command:"/usr/bin/make" "cmTC_fe95f/fast"
/usr/bin/make -f CMakeFiles/cmTC_fe95f.dir/build.make CMakeFiles/cmTC_fe95f.dir/build
make[1]: Entering directory '/home/yao/ws_moveit/build/iiwa_moveit_config/CMakeFiles/CMakeTmp'
Building C object CMakeFiles/cmTC_fe95f.dir/CheckSymbolExists.c.o
/usr/bin/cc     -o CMakeFiles/cmTC_fe95f.dir/CheckSymbolExists.c.o   -c /home/yao/ws_moveit/build/iiwa_moveit_config/CMakeFiles/CMakeTmp/CheckSymbolExists.c
Linking C executable cmTC_fe95f
/usr/bin/cmake -E cmake_link_script CMakeFiles/cmTC_fe95f.dir/link.txt --verbose=1
/usr/bin/cc       CMakeFiles/cmTC_fe95f.dir/CheckSymbolExists.c.o  -o cmTC_fe95f -rdynamic 
CMakeFiles/cmTC_fe95f.dir/CheckSymbolExists.c.o: In function `main':
CheckSymbolExists.c:(.text+0x16): undefined reference to `pthread_create'
collect2: error: ld returned 1 exit status
CMakeFiles/cmTC_fe95f.dir/build.make:97: recipe for target 'cmTC_fe95f' failed
make[1]: *** [cmTC_fe95f] Error 1
make[1]: Leaving directory '/home/yao/ws_moveit/build/iiwa_moveit_config/CMakeFiles/CMakeTmp'
Makefile:126: recipe for target 'cmTC_fe95f/fast' failed
make: *** [cmTC_fe95f/fast] Error 2

File /home/yao/ws_moveit/build/iiwa_moveit_config/CMakeFiles/CMakeTmp/CheckSymbolExists.c:
/* */
#include <pthread.h>

int main(int argc, char** argv)
{
  (void)argv;
#ifndef pthread_create
  return ((int*)(&pthread_create))[argc];
#else
  (void)argc;
  return 0;
#endif
}

Determining if the function pthread_create exists in the pthreads failed with the following output:
Change Dir: /home/yao/ws_moveit/build/iiwa_moveit_config/CMakeFiles/CMakeTmp

Run Build Command:"/usr/bin/make" "cmTC_10e5b/fast"
/usr/bin/make -f CMakeFiles/cmTC_10e5b.dir/build.make CMakeFiles/cmTC_10e5b.dir/build
make[1]: Entering directory '/home/yao/ws_moveit/build/iiwa_moveit_config/CMakeFiles/CMakeTmp'
Building C object CMakeFiles/cmTC_10e5b.dir/CheckFunctionExists.c.o
/usr/bin/cc    -DCHECK_FUNCTION_EXISTS=pthread_create   -o CMakeFiles/cmTC_10e5b.dir/CheckFunctionExists.c.o   -c /usr/share/cmake-3.5/Modules/CheckFunctionExists.c
Linking C executable cmTC_10e5b
/usr/bin/cmake -E cmake_link_script CMakeFiles/cmTC_10e5b.dir/link.txt --verbose=1
/usr/bin/cc   -DCHECK_FUNCTION_EXISTS=pthread_create    CMakeFiles/cmTC_10e5b.dir/CheckFunctionExists.c.o  -o cmTC_10e5b -rdynamic -lpthreads 
/usr/bin/ld: cannot find -lpthreads
collect2: error: ld returned 1 exit status
CMakeFiles/cmTC_10e5b.dir/build.make:97: recipe for target 'cmTC_10e5b' failed
make[1]: *** [cmTC_10e5b] Error 1
make[1]: Leaving directory '/home/yao/ws_moveit/build/iiwa_moveit_config/CMakeFiles/CMakeTmp'
Makefile:126: recipe for target 'cmTC_10e5b/fast' failed
make: *** [cmTC_10e5b/fast] Error 2


