Determining if the pthread_create exist failed with the following output:
Change Dir: /home/yao/ws_moveit/build/panda_moveit_config/CMakeFiles/CMakeTmp

Run Build Command:"/usr/bin/make" "cmTC_298af/fast"
/usr/bin/make -f CMakeFiles/cmTC_298af.dir/build.make CMakeFiles/cmTC_298af.dir/build
make[1]: Entering directory '/home/yao/ws_moveit/build/panda_moveit_config/CMakeFiles/CMakeTmp'
Building C object CMakeFiles/cmTC_298af.dir/CheckSymbolExists.c.o
/usr/bin/cc     -o CMakeFiles/cmTC_298af.dir/CheckSymbolExists.c.o   -c /home/yao/ws_moveit/build/panda_moveit_config/CMakeFiles/CMakeTmp/CheckSymbolExists.c
Linking C executable cmTC_298af
/usr/bin/cmake -E cmake_link_script CMakeFiles/cmTC_298af.dir/link.txt --verbose=1
/usr/bin/cc       CMakeFiles/cmTC_298af.dir/CheckSymbolExists.c.o  -o cmTC_298af -rdynamic 
CMakeFiles/cmTC_298af.dir/CheckSymbolExists.c.o: In function `main':
CheckSymbolExists.c:(.text+0x16): undefined reference to `pthread_create'
collect2: error: ld returned 1 exit status
CMakeFiles/cmTC_298af.dir/build.make:97: recipe for target 'cmTC_298af' failed
make[1]: *** [cmTC_298af] Error 1
make[1]: Leaving directory '/home/yao/ws_moveit/build/panda_moveit_config/CMakeFiles/CMakeTmp'
Makefile:126: recipe for target 'cmTC_298af/fast' failed
make: *** [cmTC_298af/fast] Error 2

File /home/yao/ws_moveit/build/panda_moveit_config/CMakeFiles/CMakeTmp/CheckSymbolExists.c:
/* */
#include <pthread.h>

int main(int argc, char** argv)
{
  (void)argv;
#ifndef pthread_create
  return ((int*)(&pthread_create))[argc];
#else
  (void)argc;
  return 0;
#endif
}

Determining if the function pthread_create exists in the pthreads failed with the following output:
Change Dir: /home/yao/ws_moveit/build/panda_moveit_config/CMakeFiles/CMakeTmp

Run Build Command:"/usr/bin/make" "cmTC_37191/fast"
/usr/bin/make -f CMakeFiles/cmTC_37191.dir/build.make CMakeFiles/cmTC_37191.dir/build
make[1]: Entering directory '/home/yao/ws_moveit/build/panda_moveit_config/CMakeFiles/CMakeTmp'
Building C object CMakeFiles/cmTC_37191.dir/CheckFunctionExists.c.o
/usr/bin/cc    -DCHECK_FUNCTION_EXISTS=pthread_create   -o CMakeFiles/cmTC_37191.dir/CheckFunctionExists.c.o   -c /usr/share/cmake-3.5/Modules/CheckFunctionExists.c
Linking C executable cmTC_37191
/usr/bin/cmake -E cmake_link_script CMakeFiles/cmTC_37191.dir/link.txt --verbose=1
/usr/bin/cc   -DCHECK_FUNCTION_EXISTS=pthread_create    CMakeFiles/cmTC_37191.dir/CheckFunctionExists.c.o  -o cmTC_37191 -rdynamic -lpthreads 
/usr/bin/ld: cannot find -lpthreads
collect2: error: ld returned 1 exit status
CMakeFiles/cmTC_37191.dir/build.make:97: recipe for target 'cmTC_37191' failed
make[1]: *** [cmTC_37191] Error 1
make[1]: Leaving directory '/home/yao/ws_moveit/build/panda_moveit_config/CMakeFiles/CMakeTmp'
Makefile:126: recipe for target 'cmTC_37191/fast' failed
make: *** [cmTC_37191/fast] Error 2


